<?xml version="1.0" encoding="UTF-8"?>
<!-- Generated by org.testng.reporters.JUnitXMLReporter -->
<testsuite hostname="DESKTOP-US9O7O0" ignored="0" name="dsalgoRegression" tests="9" failures="1" timestamp="2022-05-16T11:10:40 PDT" time="75.74" errors="0">
  <testcase name="successfulLogin" time="0.252" classname="com.dsalgo.qa.testcases.MainPageAndLoginTest">
    <skipped/>
  </testcase> <!-- successfulLogin -->
  <testcase name="successfulLogin" time="0.026" classname="com.dsalgo.qa.testcases.MainPageAndLoginTest">
    <skipped/>
  </testcase> <!-- successfulLogin -->
  <testcase name="successfulLogin" time="0.026" classname="com.dsalgo.qa.testcases.MainPageAndLoginTest">
    <failure type="java.lang.AssertionError" message="expected [Numpy Ninja5] but found [Numpy Ninja]">
      <![CDATA[java.lang.AssertionError: expected [Numpy Ninja5] but found [Numpy Ninja]
at com.dsalgo.qa.testcases.MainPageAndLoginTest.successfulLogin(MainPageAndLoginTest.java:86)
at java.util.ArrayList.forEach(ArrayList.java:1259)
... Removed 35 stack frames]]>
    </failure>
  </testcase> <!-- successfulLogin -->
  <testcase name="verifyLogin" time="2.142" classname="com.dsalgo.qa.testcases.MainPageAndLoginTest"/>
  <testcase name="verifyLogin" time="2.388" classname="com.dsalgo.qa.testcases.MainPageAndLoginTest"/>
  <testcase name="registerUserNegativeTest" time="2.493" classname="com.dsalgo.qa.testcases.RegisterPageTest"/>
  <testcase name="registerUserTest" time="2.726" classname="com.dsalgo.qa.testcases.RegisterPageTest"/>
  <testcase name="GraphRepresentationTestScenarios" time="5.591" classname="com.dsalgo.qa.testcases.GraphPageTest"/>
  <testcase name="GraphTestScenarios" time="4.056" classname="com.dsalgo.qa.testcases.GraphPageTest"/>
</testsuite> <!-- dsalgoRegression -->
