<?xml version="1.0" encoding="UTF-8"?>
<testng-results skipped="0" failed="1" ignored="0" retried="2" total="9" passed="6">
  <reporter-output>
  </reporter-output>
  <suite name="dsalgoProject" duration-ms="75740" started-at="2022-05-16T11:09:24 PDT" finished-at="2022-05-16T11:10:40 PDT">
    <groups>
    </groups>
    <test name="dsalgoRegression" duration-ms="75740" started-at="2022-05-16T11:09:24 PDT" finished-at="2022-05-16T11:10:40 PDT">
      <class name="com.dsalgo.qa.testcases.MainPageAndLoginTest">
        <test-method status="PASS" signature="setUp()[pri:0, instance:com.dsalgo.qa.testcases.MainPageAndLoginTest@5398edd0]" name="setUp" is-config="true" duration-ms="10483" started-at="2022-05-16T11:09:24 PDT" finished-at="2022-05-16T11:09:35 PDT">
          <reporter-output>
          </reporter-output>
        </test-method> <!-- setUp -->
        <test-method status="SKIP" signature="successfulLogin()[pri:0, instance:com.dsalgo.qa.testcases.MainPageAndLoginTest@5398edd0]" name="successfulLogin" duration-ms="252" retried="true" started-at="2022-05-16T11:09:35 PDT" finished-at="2022-05-16T11:09:35 PDT">
          <exception class="java.lang.AssertionError">
            <message>
              <![CDATA[expected [Numpy Ninja5] but found [Numpy Ninja]]]>
            </message>
            <full-stacktrace>
              <![CDATA[java.lang.AssertionError: expected [Numpy Ninja5] but found [Numpy Ninja]
at org.testng.Assert.fail(Assert.java:97)
at org.testng.Assert.assertEqualsImpl(Assert.java:136)
at org.testng.Assert.assertEquals(Assert.java:118)
at org.testng.Assert.assertEquals(Assert.java:575)
at org.testng.Assert.assertEquals(Assert.java:585)
at com.dsalgo.qa.testcases.MainPageAndLoginTest.successfulLogin(MainPageAndLoginTest.java:86)
at sun.reflect.NativeMethodAccessorImpl.invoke0(Native Method)
at sun.reflect.NativeMethodAccessorImpl.invoke(NativeMethodAccessorImpl.java:62)
at sun.reflect.DelegatingMethodAccessorImpl.invoke(DelegatingMethodAccessorImpl.java:43)
at java.lang.reflect.Method.invoke(Method.java:498)
at org.testng.internal.MethodInvocationHelper.invokeMethod(MethodInvocationHelper.java:134)
at org.testng.internal.TestInvoker.invokeMethod(TestInvoker.java:597)
at org.testng.internal.TestInvoker.invokeTestMethod(TestInvoker.java:173)
at org.testng.internal.MethodRunner.runInSequence(MethodRunner.java:46)
at org.testng.internal.TestInvoker$MethodInvocationAgent.invoke(TestInvoker.java:816)
at org.testng.internal.TestInvoker.invokeTestMethods(TestInvoker.java:146)
at org.testng.internal.TestMethodWorker.invokeTestMethods(TestMethodWorker.java:146)
at org.testng.internal.TestMethodWorker.run(TestMethodWorker.java:128)
at java.util.ArrayList.forEach(ArrayList.java:1259)
at org.testng.TestRunner.privateRun(TestRunner.java:766)
at org.testng.TestRunner.run(TestRunner.java:587)
at org.testng.SuiteRunner.runTest(SuiteRunner.java:384)
at org.testng.SuiteRunner.runSequentially(SuiteRunner.java:378)
at org.testng.SuiteRunner.privateRun(SuiteRunner.java:337)
at org.testng.SuiteRunner.run(SuiteRunner.java:286)
at org.testng.SuiteRunnerWorker.runSuite(SuiteRunnerWorker.java:53)
at org.testng.SuiteRunnerWorker.run(SuiteRunnerWorker.java:96)
at org.testng.TestNG.runSuitesSequentially(TestNG.java:1187)
at org.testng.TestNG.runSuitesLocally(TestNG.java:1109)
at org.testng.TestNG.runSuites(TestNG.java:1039)
at org.testng.TestNG.run(TestNG.java:1007)
at org.apache.maven.surefire.testng.TestNGExecutor.run(TestNGExecutor.java:283)
at org.apache.maven.surefire.testng.TestNGXmlTestSuite.execute(TestNGXmlTestSuite.java:75)
at org.apache.maven.surefire.testng.TestNGProvider.invoke(TestNGProvider.java:120)
at org.apache.maven.surefire.booter.ForkedBooter.invokeProviderInSameClassLoader(ForkedBooter.java:386)
at org.apache.maven.surefire.booter.ForkedBooter.runSuitesInProcess(ForkedBooter.java:323)
at org.apache.maven.surefire.booter.ForkedBooter.main(ForkedBooter.java:143)
]]>
            </full-stacktrace>
          </exception> <!-- java.lang.AssertionError -->
          <reporter-output>
          </reporter-output>
        </test-method> <!-- successfulLogin -->
        <test-method status="PASS" signature="tearDown()[pri:0, instance:com.dsalgo.qa.testcases.MainPageAndLoginTest@5398edd0]" name="tearDown" is-config="true" duration-ms="1168" started-at="2022-05-16T11:09:35 PDT" finished-at="2022-05-16T11:09:37 PDT">
          <reporter-output>
          </reporter-output>
        </test-method> <!-- tearDown -->
        <test-method status="PASS" signature="setUp()[pri:0, instance:com.dsalgo.qa.testcases.MainPageAndLoginTest@5398edd0]" name="setUp" is-config="true" duration-ms="3619" started-at="2022-05-16T11:09:37 PDT" finished-at="2022-05-16T11:09:40 PDT">
          <reporter-output>
          </reporter-output>
        </test-method> <!-- setUp -->
        <test-method status="SKIP" signature="successfulLogin()[pri:0, instance:com.dsalgo.qa.testcases.MainPageAndLoginTest@5398edd0]" name="successfulLogin" duration-ms="26" retried="true" started-at="2022-05-16T11:09:40 PDT" finished-at="2022-05-16T11:09:40 PDT">
          <exception class="java.lang.AssertionError">
            <message>
              <![CDATA[expected [Numpy Ninja5] but found [Numpy Ninja]]]>
            </message>
            <full-stacktrace>
              <![CDATA[java.lang.AssertionError: expected [Numpy Ninja5] but found [Numpy Ninja]
at org.testng.Assert.fail(Assert.java:97)
at org.testng.Assert.assertEqualsImpl(Assert.java:136)
at org.testng.Assert.assertEquals(Assert.java:118)
at org.testng.Assert.assertEquals(Assert.java:575)
at org.testng.Assert.assertEquals(Assert.java:585)
at com.dsalgo.qa.testcases.MainPageAndLoginTest.successfulLogin(MainPageAndLoginTest.java:86)
at sun.reflect.NativeMethodAccessorImpl.invoke0(Native Method)
at sun.reflect.NativeMethodAccessorImpl.invoke(NativeMethodAccessorImpl.java:62)
at sun.reflect.DelegatingMethodAccessorImpl.invoke(DelegatingMethodAccessorImpl.java:43)
at java.lang.reflect.Method.invoke(Method.java:498)
at org.testng.internal.MethodInvocationHelper.invokeMethod(MethodInvocationHelper.java:134)
at org.testng.internal.TestInvoker.invokeMethod(TestInvoker.java:597)
at org.testng.internal.TestInvoker.retryFailed(TestInvoker.java:213)
at org.testng.internal.MethodRunner.runInSequence(MethodRunner.java:58)
at org.testng.internal.TestInvoker$MethodInvocationAgent.invoke(TestInvoker.java:816)
at org.testng.internal.TestInvoker.invokeTestMethods(TestInvoker.java:146)
at org.testng.internal.TestMethodWorker.invokeTestMethods(TestMethodWorker.java:146)
at org.testng.internal.TestMethodWorker.run(TestMethodWorker.java:128)
at java.util.ArrayList.forEach(ArrayList.java:1259)
at org.testng.TestRunner.privateRun(TestRunner.java:766)
at org.testng.TestRunner.run(TestRunner.java:587)
at org.testng.SuiteRunner.runTest(SuiteRunner.java:384)
at org.testng.SuiteRunner.runSequentially(SuiteRunner.java:378)
at org.testng.SuiteRunner.privateRun(SuiteRunner.java:337)
at org.testng.SuiteRunner.run(SuiteRunner.java:286)
at org.testng.SuiteRunnerWorker.runSuite(SuiteRunnerWorker.java:53)
at org.testng.SuiteRunnerWorker.run(SuiteRunnerWorker.java:96)
at org.testng.TestNG.runSuitesSequentially(TestNG.java:1187)
at org.testng.TestNG.runSuitesLocally(TestNG.java:1109)
at org.testng.TestNG.runSuites(TestNG.java:1039)
at org.testng.TestNG.run(TestNG.java:1007)
at org.apache.maven.surefire.testng.TestNGExecutor.run(TestNGExecutor.java:283)
at org.apache.maven.surefire.testng.TestNGXmlTestSuite.execute(TestNGXmlTestSuite.java:75)
at org.apache.maven.surefire.testng.TestNGProvider.invoke(TestNGProvider.java:120)
at org.apache.maven.surefire.booter.ForkedBooter.invokeProviderInSameClassLoader(ForkedBooter.java:386)
at org.apache.maven.surefire.booter.ForkedBooter.runSuitesInProcess(ForkedBooter.java:323)
at org.apache.maven.surefire.booter.ForkedBooter.main(ForkedBooter.java:143)
]]>
            </full-stacktrace>
          </exception> <!-- java.lang.AssertionError -->
          <reporter-output>
          </reporter-output>
        </test-method> <!-- successfulLogin -->
        <test-method status="PASS" signature="tearDown()[pri:0, instance:com.dsalgo.qa.testcases.MainPageAndLoginTest@5398edd0]" name="tearDown" is-config="true" duration-ms="1322" started-at="2022-05-16T11:09:40 PDT" finished-at="2022-05-16T11:09:42 PDT">
          <reporter-output>
          </reporter-output>
        </test-method> <!-- tearDown -->
        <test-method status="PASS" signature="setUp()[pri:0, instance:com.dsalgo.qa.testcases.MainPageAndLoginTest@5398edd0]" name="setUp" is-config="true" duration-ms="3478" started-at="2022-05-16T11:09:42 PDT" finished-at="2022-05-16T11:09:45 PDT">
          <reporter-output>
          </reporter-output>
        </test-method> <!-- setUp -->
        <test-method status="FAIL" signature="successfulLogin()[pri:0, instance:com.dsalgo.qa.testcases.MainPageAndLoginTest@5398edd0]" name="successfulLogin" duration-ms="26" started-at="2022-05-16T11:09:45 PDT" finished-at="2022-05-16T11:09:45 PDT">
          <exception class="java.lang.AssertionError">
            <message>
              <![CDATA[expected [Numpy Ninja5] but found [Numpy Ninja]]]>
            </message>
            <full-stacktrace>
              <![CDATA[java.lang.AssertionError: expected [Numpy Ninja5] but found [Numpy Ninja]
at org.testng.Assert.fail(Assert.java:97)
at org.testng.Assert.assertEqualsImpl(Assert.java:136)
at org.testng.Assert.assertEquals(Assert.java:118)
at org.testng.Assert.assertEquals(Assert.java:575)
at org.testng.Assert.assertEquals(Assert.java:585)
at com.dsalgo.qa.testcases.MainPageAndLoginTest.successfulLogin(MainPageAndLoginTest.java:86)
at sun.reflect.NativeMethodAccessorImpl.invoke0(Native Method)
at sun.reflect.NativeMethodAccessorImpl.invoke(NativeMethodAccessorImpl.java:62)
at sun.reflect.DelegatingMethodAccessorImpl.invoke(DelegatingMethodAccessorImpl.java:43)
at java.lang.reflect.Method.invoke(Method.java:498)
at org.testng.internal.MethodInvocationHelper.invokeMethod(MethodInvocationHelper.java:134)
at org.testng.internal.TestInvoker.invokeMethod(TestInvoker.java:597)
at org.testng.internal.TestInvoker.retryFailed(TestInvoker.java:213)
at org.testng.internal.MethodRunner.runInSequence(MethodRunner.java:58)
at org.testng.internal.TestInvoker$MethodInvocationAgent.invoke(TestInvoker.java:816)
at org.testng.internal.TestInvoker.invokeTestMethods(TestInvoker.java:146)
at org.testng.internal.TestMethodWorker.invokeTestMethods(TestMethodWorker.java:146)
at org.testng.internal.TestMethodWorker.run(TestMethodWorker.java:128)
at java.util.ArrayList.forEach(ArrayList.java:1259)
at org.testng.TestRunner.privateRun(TestRunner.java:766)
at org.testng.TestRunner.run(TestRunner.java:587)
at org.testng.SuiteRunner.runTest(SuiteRunner.java:384)
at org.testng.SuiteRunner.runSequentially(SuiteRunner.java:378)
at org.testng.SuiteRunner.privateRun(SuiteRunner.java:337)
at org.testng.SuiteRunner.run(SuiteRunner.java:286)
at org.testng.SuiteRunnerWorker.runSuite(SuiteRunnerWorker.java:53)
at org.testng.SuiteRunnerWorker.run(SuiteRunnerWorker.java:96)
at org.testng.TestNG.runSuitesSequentially(TestNG.java:1187)
at org.testng.TestNG.runSuitesLocally(TestNG.java:1109)
at org.testng.TestNG.runSuites(TestNG.java:1039)
at org.testng.TestNG.run(TestNG.java:1007)
at org.apache.maven.surefire.testng.TestNGExecutor.run(TestNGExecutor.java:283)
at org.apache.maven.surefire.testng.TestNGXmlTestSuite.execute(TestNGXmlTestSuite.java:75)
at org.apache.maven.surefire.testng.TestNGProvider.invoke(TestNGProvider.java:120)
at org.apache.maven.surefire.booter.ForkedBooter.invokeProviderInSameClassLoader(ForkedBooter.java:386)
at org.apache.maven.surefire.booter.ForkedBooter.runSuitesInProcess(ForkedBooter.java:323)
at org.apache.maven.surefire.booter.ForkedBooter.main(ForkedBooter.java:143)
]]>
            </full-stacktrace>
          </exception> <!-- java.lang.AssertionError -->
          <reporter-output>
          </reporter-output>
        </test-method> <!-- successfulLogin -->
        <test-method status="PASS" signature="tearDown()[pri:0, instance:com.dsalgo.qa.testcases.MainPageAndLoginTest@5398edd0]" name="tearDown" is-config="true" duration-ms="983" started-at="2022-05-16T11:09:48 PDT" finished-at="2022-05-16T11:09:49 PDT">
          <reporter-output>
          </reporter-output>
        </test-method> <!-- tearDown -->
        <test-method status="PASS" signature="setUp()[pri:0, instance:com.dsalgo.qa.testcases.MainPageAndLoginTest@5398edd0]" name="setUp" is-config="true" duration-ms="3741" started-at="2022-05-16T11:09:53 PDT" finished-at="2022-05-16T11:09:57 PDT">
          <reporter-output>
          </reporter-output>
        </test-method> <!-- setUp -->
        <test-method status="PASS" signature="verifyLogin(java.lang.String, java.lang.String)[pri:0, instance:com.dsalgo.qa.testcases.MainPageAndLoginTest@5398edd0]" name="verifyLogin" duration-ms="2142" started-at="2022-05-16T11:09:57 PDT" data-provider="UserDetails" finished-at="2022-05-16T11:09:59 PDT">
          <params>
            <param index="0">
              <value>
                <![CDATA[username123]]>
              </value>
            </param>
            <param index="1">
              <value is-null="true"/>
            </param>
          </params>
          <reporter-output>
          </reporter-output>
        </test-method> <!-- verifyLogin -->
        <test-method status="PASS" signature="tearDown()[pri:0, instance:com.dsalgo.qa.testcases.MainPageAndLoginTest@5398edd0]" name="tearDown" is-config="true" duration-ms="1076" started-at="2022-05-16T11:09:59 PDT" finished-at="2022-05-16T11:10:00 PDT">
          <reporter-output>
          </reporter-output>
        </test-method> <!-- tearDown -->
        <test-method status="PASS" signature="setUp()[pri:0, instance:com.dsalgo.qa.testcases.MainPageAndLoginTest@5398edd0]" name="setUp" is-config="true" duration-ms="3781" started-at="2022-05-16T11:10:00 PDT" finished-at="2022-05-16T11:10:04 PDT">
          <reporter-output>
          </reporter-output>
        </test-method> <!-- setUp -->
        <test-method status="PASS" signature="verifyLogin(java.lang.String, java.lang.String)[pri:0, instance:com.dsalgo.qa.testcases.MainPageAndLoginTest@5398edd0]" name="verifyLogin" duration-ms="2388" started-at="2022-05-16T11:10:04 PDT" data-provider="UserDetails" finished-at="2022-05-16T11:10:07 PDT">
          <params>
            <param index="0">
              <value>
                <![CDATA[username243]]>
              </value>
            </param>
            <param index="1">
              <value is-null="true"/>
            </param>
          </params>
          <reporter-output>
          </reporter-output>
        </test-method> <!-- verifyLogin -->
        <test-method status="PASS" signature="tearDown()[pri:0, instance:com.dsalgo.qa.testcases.MainPageAndLoginTest@5398edd0]" name="tearDown" is-config="true" duration-ms="939" started-at="2022-05-16T11:10:07 PDT" finished-at="2022-05-16T11:10:07 PDT">
          <reporter-output>
          </reporter-output>
        </test-method> <!-- tearDown -->
      </class> <!-- com.dsalgo.qa.testcases.MainPageAndLoginTest -->
      <class name="com.dsalgo.qa.testcases.RegisterPageTest">
        <test-method status="PASS" signature="setUp()[pri:0, instance:com.dsalgo.qa.testcases.RegisterPageTest@b5cc23a]" name="setUp" is-config="true" duration-ms="3441" started-at="2022-05-16T11:10:07 PDT" finished-at="2022-05-16T11:10:11 PDT">
          <reporter-output>
          </reporter-output>
        </test-method> <!-- setUp -->
        <test-method status="PASS" signature="registerUserNegativeTest()[pri:0, instance:com.dsalgo.qa.testcases.RegisterPageTest@b5cc23a]" name="registerUserNegativeTest" duration-ms="2493" started-at="2022-05-16T11:10:11 PDT" finished-at="2022-05-16T11:10:13 PDT">
          <reporter-output>
          </reporter-output>
        </test-method> <!-- registerUserNegativeTest -->
        <test-method status="PASS" signature="tearDown()[pri:0, instance:com.dsalgo.qa.testcases.RegisterPageTest@b5cc23a]" name="tearDown" is-config="true" duration-ms="1117" started-at="2022-05-16T11:10:13 PDT" finished-at="2022-05-16T11:10:15 PDT">
          <reporter-output>
          </reporter-output>
        </test-method> <!-- tearDown -->
        <test-method status="PASS" signature="setUp()[pri:0, instance:com.dsalgo.qa.testcases.RegisterPageTest@b5cc23a]" name="setUp" is-config="true" duration-ms="3393" started-at="2022-05-16T11:10:15 PDT" finished-at="2022-05-16T11:10:18 PDT">
          <reporter-output>
          </reporter-output>
        </test-method> <!-- setUp -->
        <test-method status="PASS" signature="registerUserTest()[pri:0, instance:com.dsalgo.qa.testcases.RegisterPageTest@b5cc23a]" name="registerUserTest" duration-ms="2726" started-at="2022-05-16T11:10:18 PDT" finished-at="2022-05-16T11:10:21 PDT">
          <reporter-output>
          </reporter-output>
        </test-method> <!-- registerUserTest -->
        <test-method status="PASS" signature="tearDown()[pri:0, instance:com.dsalgo.qa.testcases.RegisterPageTest@b5cc23a]" name="tearDown" is-config="true" duration-ms="962" started-at="2022-05-16T11:10:21 PDT" finished-at="2022-05-16T11:10:22 PDT">
          <reporter-output>
          </reporter-output>
        </test-method> <!-- tearDown -->
      </class> <!-- com.dsalgo.qa.testcases.RegisterPageTest -->
      <class name="com.dsalgo.qa.testcases.GraphPageTest">
        <test-method status="PASS" signature="setUp()[pri:0, instance:com.dsalgo.qa.testcases.GraphPageTest@5cc5b667]" name="setUp" is-config="true" duration-ms="4025" started-at="2022-05-16T11:10:22 PDT" finished-at="2022-05-16T11:10:26 PDT">
          <reporter-output>
          </reporter-output>
        </test-method> <!-- setUp -->
        <test-method status="PASS" signature="GraphRepresentationTestScenarios()[pri:0, instance:com.dsalgo.qa.testcases.GraphPageTest@5cc5b667]" name="GraphRepresentationTestScenarios" duration-ms="5591" started-at="2022-05-16T11:10:26 PDT" finished-at="2022-05-16T11:10:31 PDT">
          <reporter-output>
          </reporter-output>
        </test-method> <!-- GraphRepresentationTestScenarios -->
        <test-method status="PASS" signature="tearDown()[pri:0, instance:com.dsalgo.qa.testcases.GraphPageTest@5cc5b667]" name="tearDown" is-config="true" duration-ms="940" started-at="2022-05-16T11:10:31 PDT" finished-at="2022-05-16T11:10:32 PDT">
          <reporter-output>
          </reporter-output>
        </test-method> <!-- tearDown -->
        <test-method status="PASS" signature="setUp()[pri:0, instance:com.dsalgo.qa.testcases.GraphPageTest@5cc5b667]" name="setUp" is-config="true" duration-ms="2756" started-at="2022-05-16T11:10:32 PDT" finished-at="2022-05-16T11:10:35 PDT">
          <reporter-output>
          </reporter-output>
        </test-method> <!-- setUp -->
        <test-method status="PASS" signature="GraphTestScenarios()[pri:0, instance:com.dsalgo.qa.testcases.GraphPageTest@5cc5b667]" name="GraphTestScenarios" duration-ms="4056" started-at="2022-05-16T11:10:35 PDT" finished-at="2022-05-16T11:10:39 PDT">
          <reporter-output>
          </reporter-output>
        </test-method> <!-- GraphTestScenarios -->
        <test-method status="PASS" signature="tearDown()[pri:0, instance:com.dsalgo.qa.testcases.GraphPageTest@5cc5b667]" name="tearDown" is-config="true" duration-ms="807" started-at="2022-05-16T11:10:39 PDT" finished-at="2022-05-16T11:10:40 PDT">
          <reporter-output>
          </reporter-output>
        </test-method> <!-- tearDown -->
      </class> <!-- com.dsalgo.qa.testcases.GraphPageTest -->
    </test> <!-- dsalgoRegression -->
  </suite> <!-- dsalgoProject -->
</testng-results>
